<?xml version="1.0" encoding="UTF-8"?>
<testsuite xmlns:xsi="http://www.w3.org/2001/XMLSchema-instance" xsi:noNamespaceSchemaLocation="https://maven.apache.org/surefire/maven-surefire-plugin/xsd/surefire-test-report.xsd" name="rest.RenameMeResourceTest" time="0.094" tests="1" errors="1" skipped="0" failures="0">
  <properties>
    <property name="java.specification.version" value="17"/>
    <property name="sun.cpu.isalist" value="amd64"/>
    <property name="sun.jnu.encoding" value="Cp1252"/>
    <property name="java.class.path" value="C:\Users\chris\IdeaProjects\CPH-Sem3-TripPlanner-Backend\target\test-classes;C:\Users\chris\IdeaProjects\CPH-Sem3-TripPlanner-Backend\target\classes;C:\Users\chris\.m2\repository\org\mindrot\jbcrypt\0.4\jbcrypt-0.4.jar;C:\Users\chris\.m2\repository\org\eclipse\persistence\org.eclipse.persistence.jpa\2.7.7\org.eclipse.persistence.jpa-2.7.7.jar;C:\Users\chris\.m2\repository\org\eclipse\persistence\jakarta.persistence\2.2.3\jakarta.persistence-2.2.3.jar;C:\Users\chris\.m2\repository\org\eclipse\persistence\org.eclipse.persistence.asm\2.7.7\org.eclipse.persistence.asm-2.7.7.jar;C:\Users\chris\.m2\repository\org\eclipse\persistence\org.eclipse.persistence.antlr\2.7.7\org.eclipse.persistence.antlr-2.7.7.jar;C:\Users\chris\.m2\repository\org\eclipse\persistence\org.eclipse.persistence.jpa.jpql\2.7.7\org.eclipse.persistence.jpa.jpql-2.7.7.jar;C:\Users\chris\.m2\repository\org\eclipse\persistence\org.eclipse.persistence.core\2.7.7\org.eclipse.persistence.core-2.7.7.jar;C:\Users\chris\.m2\repository\mysql\mysql-connector-java\8.0.28\mysql-connector-java-8.0.28.jar;C:\Users\chris\.m2\repository\com\google\protobuf\protobuf-java\3.11.4\protobuf-java-3.11.4.jar;C:\Users\chris\.m2\repository\org\glassfish\jersey\bundles\jaxrs-ri\2.34\jaxrs-ri-2.34.jar;C:\Users\chris\.m2\repository\org\glassfish\jersey\inject\jersey-hk2\2.34\jersey-hk2-2.34.jar;C:\Users\chris\.m2\repository\org\glassfish\hk2\hk2-locator\2.6.1\hk2-locator-2.6.1.jar;C:\Users\chris\.m2\repository\org\glassfish\hk2\external\aopalliance-repackaged\2.6.1\aopalliance-repackaged-2.6.1.jar;C:\Users\chris\.m2\repository\org\glassfish\hk2\hk2-api\2.6.1\hk2-api-2.6.1.jar;C:\Users\chris\.m2\repository\org\glassfish\hk2\hk2-utils\2.6.1\hk2-utils-2.6.1.jar;C:\Users\chris\.m2\repository\org\javassist\javassist\3.25.0-GA\javassist-3.25.0-GA.jar;C:\Users\chris\.m2\repository\org\glassfish\jersey\core\jersey-common\2.34\jersey-common-2.34.jar;C:\Users\chris\.m2\repository\jakarta\annotation\jakarta.annotation-api\1.3.5\jakarta.annotation-api-1.3.5.jar;C:\Users\chris\.m2\repository\org\glassfish\hk2\osgi-resource-locator\1.0.3\osgi-resource-locator-1.0.3.jar;C:\Users\chris\.m2\repository\org\glassfish\jersey\media\jersey-media-jaxb\2.34\jersey-media-jaxb-2.34.jar;C:\Users\chris\.m2\repository\org\glassfish\jersey\media\jersey-media-json-binding\2.34\jersey-media-json-binding-2.34.jar;C:\Users\chris\.m2\repository\org\glassfish\jakarta.json\1.1.6\jakarta.json-1.1.6.jar;C:\Users\chris\.m2\repository\org\eclipse\yasson\1.0.6\yasson-1.0.6.jar;C:\Users\chris\.m2\repository\org\glassfish\jakarta.json\1.1.6\jakarta.json-1.1.6-module.jar;C:\Users\chris\.m2\repository\jakarta\json\bind\jakarta.json.bind-api\1.0.2\jakarta.json.bind-api-1.0.2.jar;C:\Users\chris\.m2\repository\jakarta\json\jakarta.json-api\1.1.6\jakarta.json-api-1.1.6.jar;C:\Users\chris\.m2\repository\org\glassfish\jersey\core\jersey-client\2.34\jersey-client-2.34.jar;C:\Users\chris\.m2\repository\org\glassfish\jersey\core\jersey-server\2.34\jersey-server-2.34.jar;C:\Users\chris\.m2\repository\jakarta\validation\jakarta.validation-api\2.0.2\jakarta.validation-api-2.0.2.jar;C:\Users\chris\.m2\repository\org\glassfish\jersey\containers\jersey-container-servlet-core\2.34\jersey-container-servlet-core-2.34.jar;C:\Users\chris\.m2\repository\org\glassfish\jersey\containers\jersey-container-servlet\2.34\jersey-container-servlet-2.34.jar;C:\Users\chris\.m2\repository\org\glassfish\jersey\media\jersey-media-sse\2.34\jersey-media-sse-2.34.jar;C:\Users\chris\.m2\repository\jakarta\xml\bind\jakarta.xml.bind-api\2.3.3\jakarta.xml.bind-api-2.3.3.jar;C:\Users\chris\.m2\repository\jakarta\activation\jakarta.activation-api\1.2.2\jakarta.activation-api-1.2.2.jar;C:\Users\chris\.m2\repository\javax\javaee-web-api\7.0\javaee-web-api-7.0.jar;C:\Users\chris\.m2\repository\com\google\code\gson\gson\2.8.9\gson-2.8.9.jar;C:\Users\chris\.m2\repository\org\junit\jupiter\junit-jupiter-api\5.7.0\junit-jupiter-api-5.7.0.jar;C:\Users\chris\.m2\repository\org\apiguardian\apiguardian-api\1.1.0\apiguardian-api-1.1.0.jar;C:\Users\chris\.m2\repository\org\opentest4j\opentest4j\1.2.0\opentest4j-1.2.0.jar;C:\Users\chris\.m2\repository\org\junit\platform\junit-platform-commons\1.7.0\junit-platform-commons-1.7.0.jar;C:\Users\chris\.m2\repository\org\junit\jupiter\junit-jupiter-params\5.7.0\junit-jupiter-params-5.7.0.jar;C:\Users\chris\.m2\repository\org\junit\jupiter\junit-jupiter-engine\5.7.0\junit-jupiter-engine-5.7.0.jar;C:\Users\chris\.m2\repository\org\junit\platform\junit-platform-engine\1.7.0\junit-platform-engine-1.7.0.jar;C:\Users\chris\.m2\repository\org\hamcrest\hamcrest-library\1.3\hamcrest-library-1.3.jar;C:\Users\chris\.m2\repository\org\hamcrest\hamcrest-core\1.3\hamcrest-core-1.3.jar;C:\Users\chris\.m2\repository\org\glassfish\jersey\containers\jersey-container-grizzly2-http\2.32\jersey-container-grizzly2-http-2.32.jar;C:\Users\chris\.m2\repository\org\glassfish\hk2\external\jakarta.inject\2.6.1\jakarta.inject-2.6.1.jar;C:\Users\chris\.m2\repository\org\glassfish\grizzly\grizzly-http-server\2.4.4\grizzly-http-server-2.4.4.jar;C:\Users\chris\.m2\repository\org\glassfish\grizzly\grizzly-http\2.4.4\grizzly-http-2.4.4.jar;C:\Users\chris\.m2\repository\org\glassfish\grizzly\grizzly-framework\2.4.4\grizzly-framework-2.4.4.jar;C:\Users\chris\.m2\repository\jakarta\ws\rs\jakarta.ws.rs-api\2.1.6\jakarta.ws.rs-api-2.1.6.jar;C:\Users\chris\.m2\repository\io\rest-assured\rest-assured\4.3.1\rest-assured-4.3.1.jar;C:\Users\chris\.m2\repository\org\codehaus\groovy\groovy\3.0.3\groovy-3.0.3.jar;C:\Users\chris\.m2\repository\org\codehaus\groovy\groovy-xml\3.0.3\groovy-xml-3.0.3.jar;C:\Users\chris\.m2\repository\org\apache\httpcomponents\httpclient\4.5.3\httpclient-4.5.3.jar;C:\Users\chris\.m2\repository\org\apache\httpcomponents\httpcore\4.4.6\httpcore-4.4.6.jar;C:\Users\chris\.m2\repository\commons-logging\commons-logging\1.2\commons-logging-1.2.jar;C:\Users\chris\.m2\repository\commons-codec\commons-codec\1.9\commons-codec-1.9.jar;C:\Users\chris\.m2\repository\org\apache\httpcomponents\httpmime\4.5.3\httpmime-4.5.3.jar;C:\Users\chris\.m2\repository\org\hamcrest\hamcrest\2.1\hamcrest-2.1.jar;C:\Users\chris\.m2\repository\org\ccil\cowan\tagsoup\tagsoup\1.2.1\tagsoup-1.2.1.jar;C:\Users\chris\.m2\repository\io\rest-assured\json-path\4.3.1\json-path-4.3.1.jar;C:\Users\chris\.m2\repository\org\codehaus\groovy\groovy-json\3.0.3\groovy-json-3.0.3.jar;C:\Users\chris\.m2\repository\io\rest-assured\rest-assured-common\4.3.1\rest-assured-common-4.3.1.jar;C:\Users\chris\.m2\repository\io\rest-assured\xml-path\4.3.1\xml-path-4.3.1.jar;C:\Users\chris\.m2\repository\org\apache\commons\commons-lang3\3.4\commons-lang3-3.4.jar;C:\Users\chris\.m2\repository\com\sun\xml\bind\jaxb-impl\2.3.3\jaxb-impl-2.3.3.jar;C:\Users\chris\.m2\repository\com\nimbusds\nimbus-jose-jwt\9.0.1\nimbus-jose-jwt-9.0.1.jar;C:\Users\chris\.m2\repository\com\github\stephenc\jcip\jcip-annotations\1.0-1\jcip-annotations-1.0-1.jar;C:\Users\chris\.m2\repository\org\codehaus\mojo\properties-maven-plugin\1.0.0\properties-maven-plugin-1.0.0.jar;C:\Users\chris\.m2\repository\org\apache\maven\maven-model\2.2.1\maven-model-2.2.1.jar;C:\Users\chris\.m2\repository\org\apache\maven\maven-plugin-api\2.2.1\maven-plugin-api-2.2.1.jar;C:\Users\chris\.m2\repository\org\apache\maven\maven-project\2.2.1\maven-project-2.2.1.jar;C:\Users\chris\.m2\repository\org\apache\maven\maven-settings\2.2.1\maven-settings-2.2.1.jar;C:\Users\chris\.m2\repository\org\apache\maven\maven-profile\2.2.1\maven-profile-2.2.1.jar;C:\Users\chris\.m2\repository\org\apache\maven\maven-artifact-manager\2.2.1\maven-artifact-manager-2.2.1.jar;C:\Users\chris\.m2\repository\org\apache\maven\maven-repository-metadata\2.2.1\maven-repository-metadata-2.2.1.jar;C:\Users\chris\.m2\repository\org\apache\maven\wagon\wagon-provider-api\1.0-beta-6\wagon-provider-api-1.0-beta-6.jar;C:\Users\chris\.m2\repository\backport-util-concurrent\backport-util-concurrent\3.1\backport-util-concurrent-3.1.jar;C:\Users\chris\.m2\repository\org\apache\maven\maven-plugin-registry\2.2.1\maven-plugin-registry-2.2.1.jar;C:\Users\chris\.m2\repository\org\codehaus\plexus\plexus-interpolation\1.11\plexus-interpolation-1.11.jar;C:\Users\chris\.m2\repository\org\apache\maven\maven-artifact\2.2.1\maven-artifact-2.2.1.jar;C:\Users\chris\.m2\repository\org\codehaus\plexus\plexus-container-default\1.0-alpha-9-stable-1\plexus-container-default-1.0-alpha-9-stable-1.jar;C:\Users\chris\.m2\repository\junit\junit\3.8.1\junit-3.8.1.jar;C:\Users\chris\.m2\repository\classworlds\classworlds\1.1-alpha-2\classworlds-1.1-alpha-2.jar;C:\Users\chris\.m2\repository\org\codehaus\plexus\plexus-utils\3.0.22\plexus-utils-3.0.22.jar;"/>
    <property name="java.vm.vendor" value="Oracle Corporation"/>
    <property name="sun.arch.data.model" value="64"/>
    <property name="user.variant" value=""/>
    <property name="java.vendor.url" value="https://java.oracle.com/"/>
    <property name="os.name" value="Windows 10"/>
    <property name="java.vm.specification.version" value="17"/>
    <property name="sun.java.launcher" value="SUN_STANDARD"/>
    <property name="user.country" value="US"/>
    <property name="sun.boot.library.path" value="C:\Program Files\Java\jdk-17.0.2\bin"/>
    <property name="sun.java.command" value="C:\Users\chris\AppData\Local\Temp\surefire16973733815802059620\surefirebooter9712900512749756792.jar C:\Users\chris\AppData\Local\Temp\surefire16973733815802059620 2023-06-08T10-33-01_735-jvmRun1 surefire903811859297870623tmp surefire_08198656952645595467tmp"/>
    <property name="jdk.debug" value="release"/>
    <property name="surefire.test.class.path" value="C:\Users\chris\IdeaProjects\CPH-Sem3-TripPlanner-Backend\target\test-classes;C:\Users\chris\IdeaProjects\CPH-Sem3-TripPlanner-Backend\target\classes;C:\Users\chris\.m2\repository\org\mindrot\jbcrypt\0.4\jbcrypt-0.4.jar;C:\Users\chris\.m2\repository\org\eclipse\persistence\org.eclipse.persistence.jpa\2.7.7\org.eclipse.persistence.jpa-2.7.7.jar;C:\Users\chris\.m2\repository\org\eclipse\persistence\jakarta.persistence\2.2.3\jakarta.persistence-2.2.3.jar;C:\Users\chris\.m2\repository\org\eclipse\persistence\org.eclipse.persistence.asm\2.7.7\org.eclipse.persistence.asm-2.7.7.jar;C:\Users\chris\.m2\repository\org\eclipse\persistence\org.eclipse.persistence.antlr\2.7.7\org.eclipse.persistence.antlr-2.7.7.jar;C:\Users\chris\.m2\repository\org\eclipse\persistence\org.eclipse.persistence.jpa.jpql\2.7.7\org.eclipse.persistence.jpa.jpql-2.7.7.jar;C:\Users\chris\.m2\repository\org\eclipse\persistence\org.eclipse.persistence.core\2.7.7\org.eclipse.persistence.core-2.7.7.jar;C:\Users\chris\.m2\repository\mysql\mysql-connector-java\8.0.28\mysql-connector-java-8.0.28.jar;C:\Users\chris\.m2\repository\com\google\protobuf\protobuf-java\3.11.4\protobuf-java-3.11.4.jar;C:\Users\chris\.m2\repository\org\glassfish\jersey\bundles\jaxrs-ri\2.34\jaxrs-ri-2.34.jar;C:\Users\chris\.m2\repository\org\glassfish\jersey\inject\jersey-hk2\2.34\jersey-hk2-2.34.jar;C:\Users\chris\.m2\repository\org\glassfish\hk2\hk2-locator\2.6.1\hk2-locator-2.6.1.jar;C:\Users\chris\.m2\repository\org\glassfish\hk2\external\aopalliance-repackaged\2.6.1\aopalliance-repackaged-2.6.1.jar;C:\Users\chris\.m2\repository\org\glassfish\hk2\hk2-api\2.6.1\hk2-api-2.6.1.jar;C:\Users\chris\.m2\repository\org\glassfish\hk2\hk2-utils\2.6.1\hk2-utils-2.6.1.jar;C:\Users\chris\.m2\repository\org\javassist\javassist\3.25.0-GA\javassist-3.25.0-GA.jar;C:\Users\chris\.m2\repository\org\glassfish\jersey\core\jersey-common\2.34\jersey-common-2.34.jar;C:\Users\chris\.m2\repository\jakarta\annotation\jakarta.annotation-api\1.3.5\jakarta.annotation-api-1.3.5.jar;C:\Users\chris\.m2\repository\org\glassfish\hk2\osgi-resource-locator\1.0.3\osgi-resource-locator-1.0.3.jar;C:\Users\chris\.m2\repository\org\glassfish\jersey\media\jersey-media-jaxb\2.34\jersey-media-jaxb-2.34.jar;C:\Users\chris\.m2\repository\org\glassfish\jersey\media\jersey-media-json-binding\2.34\jersey-media-json-binding-2.34.jar;C:\Users\chris\.m2\repository\org\glassfish\jakarta.json\1.1.6\jakarta.json-1.1.6.jar;C:\Users\chris\.m2\repository\org\eclipse\yasson\1.0.6\yasson-1.0.6.jar;C:\Users\chris\.m2\repository\org\glassfish\jakarta.json\1.1.6\jakarta.json-1.1.6-module.jar;C:\Users\chris\.m2\repository\jakarta\json\bind\jakarta.json.bind-api\1.0.2\jakarta.json.bind-api-1.0.2.jar;C:\Users\chris\.m2\repository\jakarta\json\jakarta.json-api\1.1.6\jakarta.json-api-1.1.6.jar;C:\Users\chris\.m2\repository\org\glassfish\jersey\core\jersey-client\2.34\jersey-client-2.34.jar;C:\Users\chris\.m2\repository\org\glassfish\jersey\core\jersey-server\2.34\jersey-server-2.34.jar;C:\Users\chris\.m2\repository\jakarta\validation\jakarta.validation-api\2.0.2\jakarta.validation-api-2.0.2.jar;C:\Users\chris\.m2\repository\org\glassfish\jersey\containers\jersey-container-servlet-core\2.34\jersey-container-servlet-core-2.34.jar;C:\Users\chris\.m2\repository\org\glassfish\jersey\containers\jersey-container-servlet\2.34\jersey-container-servlet-2.34.jar;C:\Users\chris\.m2\repository\org\glassfish\jersey\media\jersey-media-sse\2.34\jersey-media-sse-2.34.jar;C:\Users\chris\.m2\repository\jakarta\xml\bind\jakarta.xml.bind-api\2.3.3\jakarta.xml.bind-api-2.3.3.jar;C:\Users\chris\.m2\repository\jakarta\activation\jakarta.activation-api\1.2.2\jakarta.activation-api-1.2.2.jar;C:\Users\chris\.m2\repository\javax\javaee-web-api\7.0\javaee-web-api-7.0.jar;C:\Users\chris\.m2\repository\com\google\code\gson\gson\2.8.9\gson-2.8.9.jar;C:\Users\chris\.m2\repository\org\junit\jupiter\junit-jupiter-api\5.7.0\junit-jupiter-api-5.7.0.jar;C:\Users\chris\.m2\repository\org\apiguardian\apiguardian-api\1.1.0\apiguardian-api-1.1.0.jar;C:\Users\chris\.m2\repository\org\opentest4j\opentest4j\1.2.0\opentest4j-1.2.0.jar;C:\Users\chris\.m2\repository\org\junit\platform\junit-platform-commons\1.7.0\junit-platform-commons-1.7.0.jar;C:\Users\chris\.m2\repository\org\junit\jupiter\junit-jupiter-params\5.7.0\junit-jupiter-params-5.7.0.jar;C:\Users\chris\.m2\repository\org\junit\jupiter\junit-jupiter-engine\5.7.0\junit-jupiter-engine-5.7.0.jar;C:\Users\chris\.m2\repository\org\junit\platform\junit-platform-engine\1.7.0\junit-platform-engine-1.7.0.jar;C:\Users\chris\.m2\repository\org\hamcrest\hamcrest-library\1.3\hamcrest-library-1.3.jar;C:\Users\chris\.m2\repository\org\hamcrest\hamcrest-core\1.3\hamcrest-core-1.3.jar;C:\Users\chris\.m2\repository\org\glassfish\jersey\containers\jersey-container-grizzly2-http\2.32\jersey-container-grizzly2-http-2.32.jar;C:\Users\chris\.m2\repository\org\glassfish\hk2\external\jakarta.inject\2.6.1\jakarta.inject-2.6.1.jar;C:\Users\chris\.m2\repository\org\glassfish\grizzly\grizzly-http-server\2.4.4\grizzly-http-server-2.4.4.jar;C:\Users\chris\.m2\repository\org\glassfish\grizzly\grizzly-http\2.4.4\grizzly-http-2.4.4.jar;C:\Users\chris\.m2\repository\org\glassfish\grizzly\grizzly-framework\2.4.4\grizzly-framework-2.4.4.jar;C:\Users\chris\.m2\repository\jakarta\ws\rs\jakarta.ws.rs-api\2.1.6\jakarta.ws.rs-api-2.1.6.jar;C:\Users\chris\.m2\repository\io\rest-assured\rest-assured\4.3.1\rest-assured-4.3.1.jar;C:\Users\chris\.m2\repository\org\codehaus\groovy\groovy\3.0.3\groovy-3.0.3.jar;C:\Users\chris\.m2\repository\org\codehaus\groovy\groovy-xml\3.0.3\groovy-xml-3.0.3.jar;C:\Users\chris\.m2\repository\org\apache\httpcomponents\httpclient\4.5.3\httpclient-4.5.3.jar;C:\Users\chris\.m2\repository\org\apache\httpcomponents\httpcore\4.4.6\httpcore-4.4.6.jar;C:\Users\chris\.m2\repository\commons-logging\commons-logging\1.2\commons-logging-1.2.jar;C:\Users\chris\.m2\repository\commons-codec\commons-codec\1.9\commons-codec-1.9.jar;C:\Users\chris\.m2\repository\org\apache\httpcomponents\httpmime\4.5.3\httpmime-4.5.3.jar;C:\Users\chris\.m2\repository\org\hamcrest\hamcrest\2.1\hamcrest-2.1.jar;C:\Users\chris\.m2\repository\org\ccil\cowan\tagsoup\tagsoup\1.2.1\tagsoup-1.2.1.jar;C:\Users\chris\.m2\repository\io\rest-assured\json-path\4.3.1\json-path-4.3.1.jar;C:\Users\chris\.m2\repository\org\codehaus\groovy\groovy-json\3.0.3\groovy-json-3.0.3.jar;C:\Users\chris\.m2\repository\io\rest-assured\rest-assured-common\4.3.1\rest-assured-common-4.3.1.jar;C:\Users\chris\.m2\repository\io\rest-assured\xml-path\4.3.1\xml-path-4.3.1.jar;C:\Users\chris\.m2\repository\org\apache\commons\commons-lang3\3.4\commons-lang3-3.4.jar;C:\Users\chris\.m2\repository\com\sun\xml\bind\jaxb-impl\2.3.3\jaxb-impl-2.3.3.jar;C:\Users\chris\.m2\repository\com\nimbusds\nimbus-jose-jwt\9.0.1\nimbus-jose-jwt-9.0.1.jar;C:\Users\chris\.m2\repository\com\github\stephenc\jcip\jcip-annotations\1.0-1\jcip-annotations-1.0-1.jar;C:\Users\chris\.m2\repository\org\codehaus\mojo\properties-maven-plugin\1.0.0\properties-maven-plugin-1.0.0.jar;C:\Users\chris\.m2\repository\org\apache\maven\maven-model\2.2.1\maven-model-2.2.1.jar;C:\Users\chris\.m2\repository\org\apache\maven\maven-plugin-api\2.2.1\maven-plugin-api-2.2.1.jar;C:\Users\chris\.m2\repository\org\apache\maven\maven-project\2.2.1\maven-project-2.2.1.jar;C:\Users\chris\.m2\repository\org\apache\maven\maven-settings\2.2.1\maven-settings-2.2.1.jar;C:\Users\chris\.m2\repository\org\apache\maven\maven-profile\2.2.1\maven-profile-2.2.1.jar;C:\Users\chris\.m2\repository\org\apache\maven\maven-artifact-manager\2.2.1\maven-artifact-manager-2.2.1.jar;C:\Users\chris\.m2\repository\org\apache\maven\maven-repository-metadata\2.2.1\maven-repository-metadata-2.2.1.jar;C:\Users\chris\.m2\repository\org\apache\maven\wagon\wagon-provider-api\1.0-beta-6\wagon-provider-api-1.0-beta-6.jar;C:\Users\chris\.m2\repository\backport-util-concurrent\backport-util-concurrent\3.1\backport-util-concurrent-3.1.jar;C:\Users\chris\.m2\repository\org\apache\maven\maven-plugin-registry\2.2.1\maven-plugin-registry-2.2.1.jar;C:\Users\chris\.m2\repository\org\codehaus\plexus\plexus-interpolation\1.11\plexus-interpolation-1.11.jar;C:\Users\chris\.m2\repository\org\apache\maven\maven-artifact\2.2.1\maven-artifact-2.2.1.jar;C:\Users\chris\.m2\repository\org\codehaus\plexus\plexus-container-default\1.0-alpha-9-stable-1\plexus-container-default-1.0-alpha-9-stable-1.jar;C:\Users\chris\.m2\repository\junit\junit\3.8.1\junit-3.8.1.jar;C:\Users\chris\.m2\repository\classworlds\classworlds\1.1-alpha-2\classworlds-1.1-alpha-2.jar;C:\Users\chris\.m2\repository\org\codehaus\plexus\plexus-utils\3.0.22\plexus-utils-3.0.22.jar;"/>
    <property name="sun.cpu.endian" value="little"/>
    <property name="user.home" value="C:\Users\chris"/>
    <property name="user.language" value="en"/>
    <property name="java.specification.vendor" value="Oracle Corporation"/>
    <property name="java.version.date" value="2022-01-18"/>
    <property name="java.home" value="C:\Program Files\Java\jdk-17.0.2"/>
    <property name="file.separator" value="\"/>
    <property name="basedir" value="C:\Users\chris\IdeaProjects\CPH-Sem3-TripPlanner-Backend"/>
    <property name="java.vm.compressedOopsMode" value="Zero based"/>
    <property name="line.separator" value="&#10;"/>
    <property name="java.vm.specification.vendor" value="Oracle Corporation"/>
    <property name="java.specification.name" value="Java Platform API Specification"/>
    <property name="surefire.real.class.path" value="C:\Users\chris\AppData\Local\Temp\surefire16973733815802059620\surefirebooter9712900512749756792.jar"/>
    <property name="user.script" value=""/>
    <property name="sun.management.compiler" value="HotSpot 64-Bit Tiered Compilers"/>
    <property name="java.runtime.version" value="17.0.2+8-LTS-86"/>
    <property name="user.name" value="chris"/>
    <property name="path.separator" value=";"/>
    <property name="os.version" value="10.0"/>
    <property name="java.runtime.name" value="Java(TM) SE Runtime Environment"/>
    <property name="file.encoding" value="Cp1252"/>
    <property name="java.vm.name" value="Java HotSpot(TM) 64-Bit Server VM"/>
    <property name="localRepository" value="C:\Users\chris\.m2\repository"/>
    <property name="java.vendor.url.bug" value="https://bugreport.java.com/bugreport/"/>
    <property name="java.io.tmpdir" value="C:\Users\chris\AppData\Local\Temp\"/>
    <property name="java.version" value="17.0.2"/>
    <property name="user.dir" value="C:\Users\chris\IdeaProjects\CPH-Sem3-TripPlanner-Backend"/>
    <property name="os.arch" value="amd64"/>
    <property name="java.vm.specification.name" value="Java Virtual Machine Specification"/>
    <property name="sun.os.patch.level" value=""/>
    <property name="native.encoding" value="Cp1252"/>
    <property name="java.library.path" value="C:\Program Files\Java\jdk-17.0.2\bin;C:\WINDOWS\Sun\Java\bin;C:\WINDOWS\system32;C:\WINDOWS;C:\Program Files\Git\mingw64\bin;C:\Program Files\Git\usr\bin;C:\Users\chris\bin;C:\Program Files\Common Files\Oracle\Java\javapath;C:\Program Files (x86)\Intel\Intel(R) Management Engine Components\iCLS;C:\Program Files\Intel\Intel(R) Management Engine Components\iCLS;C:\Windows\system32;C:\Windows;C:\Windows\System32\Wbem;C:\Windows\System32\WindowsPowerShell\v1.0;C:\Program Files (x86)\Intel\Intel(R) Management Engine Components\DAL;C:\Program Files\Intel\Intel(R) Management Engine Components\DAL;C:\Program Files (x86)\Intel\Intel(R) Management Engine Components\IPT;C:\Program Files\Intel\Intel(R) Management Engine Components\IPT;C:\Program Files (x86)\NVIDIA Corporation\PhysX\Common;C:\Program Files\Intel\WiFi\bin;C:\Program Files\Common Files\Intel\WirelessCommon;C:\WINDOWS\system32;C:\WINDOWS;C:\WINDOWS\System32\Wbem;C:\WINDOWS\System32\WindowsPowerShell\v1.0;C:\WINDOWS\System32\OpenSSH;C:\Program Files\Git\cmd;C:\Program Files\Docker\Docker\resources\bin;C:\Program Files\Maven\apache-maven-3.8.7\bin;C:\Program Files\nodejs;C:\Program Files (x86)\Java\jdk-17.0.2\bin;C:\Users\chris\AppData\Local\GitHubDesktop\bin;C:\Users\chris\AppData\Roaming\npm;C:\Users\chris\AppData\Local\Programs\Microsoft VS Code\bin;."/>
    <property name="java.vm.info" value="mixed mode, sharing"/>
    <property name="java.vendor" value="Oracle Corporation"/>
    <property name="java.vm.version" value="17.0.2+8-LTS-86"/>
    <property name="sun.io.unicode.encoding" value="UnicodeLittle"/>
    <property name="java.class.version" value="61.0"/>
  </properties>
  <testcase name="rest.RenameMeResourceTest" classname="rest.RenameMeResourceTest" time="0.094">
    <error message="Exception [EclipseLink-4002] (Eclipse Persistence Services - 2.7.7.v20200504-69f2c2b80d): org.eclipse.persistence.exceptions.DatabaseException&#10;Internal Exception: com.mysql.cj.jdbc.exceptions.CommunicationsException: Communications link failure&#10;&#10;The last packet sent successfully to the server was 0 milliseconds ago. The driver has not received any packets from the server.&#10;Error Code: 0" type="javax.persistence.PersistenceException">javax.persistence.PersistenceException: 
Exception [EclipseLink-4002] (Eclipse Persistence Services - 2.7.7.v20200504-69f2c2b80d): org.eclipse.persistence.exceptions.DatabaseException
Internal Exception: com.mysql.cj.jdbc.exceptions.CommunicationsException: Communications link failure

The last packet sent successfully to the server was 0 milliseconds ago. The driver has not received any packets from the server.
Error Code: 0
	at rest.RenameMeResourceTest.setUpClass(RenameMeResourceTest.java:44)
Caused by: org.eclipse.persistence.exceptions.DatabaseException: 

Internal Exception: com.mysql.cj.jdbc.exceptions.CommunicationsException: Communications link failure

The last packet sent successfully to the server was 0 milliseconds ago. The driver has not received any packets from the server.
Error Code: 0
	at rest.RenameMeResourceTest.setUpClass(RenameMeResourceTest.java:44)
Caused by: com.mysql.cj.jdbc.exceptions.CommunicationsException: 
Communications link failure

The last packet sent successfully to the server was 0 milliseconds ago. The driver has not received any packets from the server.
	at rest.RenameMeResourceTest.setUpClass(RenameMeResourceTest.java:44)
Caused by: com.mysql.cj.exceptions.CJCommunicationsException: 
Communications link failure

The last packet sent successfully to the server was 0 milliseconds ago. The driver has not received any packets from the server.
	at rest.RenameMeResourceTest.setUpClass(RenameMeResourceTest.java:44)
Caused by: java.net.ConnectException: Connection refused: connect
	at rest.RenameMeResourceTest.setUpClass(RenameMeResourceTest.java:44)
</error>
    <system-out><![CDATA[Using the TEST database via persistence-unit --> puTest 
[EL Severe]: metadata: 2023-06-08 10:33:07.416--ServerSession(1395262169)--The java.lang.Object class was compiled with an unsupported JDK. Report this error to the EclipseLink open source project.
java.lang.IllegalArgumentException: Unsupported class file major version 61
[EL Severe]: metadata: 2023-06-08 10:33:07.416--ServerSession(1395262169)--The java.lang.Object class was compiled with an unsupported JDK. Report this error to the EclipseLink open source project.
java.lang.ArrayIndexOutOfBoundsException
[EL Severe]: metadata: 2023-06-08 10:33:07.431--ServerSession(1395262169)--The java.lang.String class was compiled with an unsupported JDK. Report this error to the EclipseLink open source project.
java.lang.IllegalArgumentException: Unsupported class file major version 61
[EL Severe]: metadata: 2023-06-08 10:33:07.431--ServerSession(1395262169)--The java.lang.String class was compiled with an unsupported JDK. Report this error to the EclipseLink open source project.
java.lang.ArrayIndexOutOfBoundsException
[EL Severe]: metadata: 2023-06-08 10:33:07.431--ServerSession(1395262169)--The java.util.List class was compiled with an unsupported JDK. Report this error to the EclipseLink open source project.
java.lang.IllegalArgumentException: Unsupported class file major version 61
[EL Severe]: metadata: 2023-06-08 10:33:07.432--ServerSession(1395262169)--The java.util.List class was compiled with an unsupported JDK. Report this error to the EclipseLink open source project.
java.lang.ArrayIndexOutOfBoundsException
[EL Severe]: metadata: 2023-06-08 10:33:07.432--ServerSession(1395262169)--The java.util.Collection class was compiled with an unsupported JDK. Report this error to the EclipseLink open source project.
java.lang.IllegalArgumentException: Unsupported class file major version 61
[EL Severe]: metadata: 2023-06-08 10:33:07.433--ServerSession(1395262169)--The java.util.Collection class was compiled with an unsupported JDK. Report this error to the EclipseLink open source project.
java.lang.ArrayIndexOutOfBoundsException
[EL Severe]: metadata: 2023-06-08 10:33:07.433--ServerSession(1395262169)--The java.lang.Iterable class was compiled with an unsupported JDK. Report this error to the EclipseLink open source project.
java.lang.IllegalArgumentException: Unsupported class file major version 61
[EL Severe]: metadata: 2023-06-08 10:33:07.433--ServerSession(1395262169)--The java.lang.Iterable class was compiled with an unsupported JDK. Report this error to the EclipseLink open source project.
java.lang.ArrayIndexOutOfBoundsException
[EL Severe]: metadata: 2023-06-08 10:33:07.434--ServerSession(1395262169)--The java.lang.Long class was compiled with an unsupported JDK. Report this error to the EclipseLink open source project.
java.lang.IllegalArgumentException: Unsupported class file major version 61
[EL Severe]: metadata: 2023-06-08 10:33:07.434--ServerSession(1395262169)--The java.lang.Long class was compiled with an unsupported JDK. Report this error to the EclipseLink open source project.
java.lang.ArrayIndexOutOfBoundsException
[EL Severe]: metadata: 2023-06-08 10:33:07.436--ServerSession(1395262169)--The java.io.Serializable class was compiled with an unsupported JDK. Report this error to the EclipseLink open source project.
java.lang.IllegalArgumentException: Unsupported class file major version 61
[EL Severe]: metadata: 2023-06-08 10:33:07.437--ServerSession(1395262169)--The java.io.Serializable class was compiled with an unsupported JDK. Report this error to the EclipseLink open source project.
java.lang.ArrayIndexOutOfBoundsException
[EL Severe]: metadata: 2023-06-08 10:33:07.438--ServerSession(1395262169)--The java.lang.Number class was compiled with an unsupported JDK. Report this error to the EclipseLink open source project.
java.lang.IllegalArgumentException: Unsupported class file major version 61
[EL Severe]: metadata: 2023-06-08 10:33:07.438--ServerSession(1395262169)--The java.lang.Number class was compiled with an unsupported JDK. Report this error to the EclipseLink open source project.
java.lang.ArrayIndexOutOfBoundsException
[EL Info]: 2023-06-08 10:33:07.448--ServerSession(1395262169)--EclipseLink, version: Eclipse Persistence Services - 2.7.7.v20200504-69f2c2b80d
[EL Severe]: ejb: 2023-06-08 10:33:07.455--ServerSession(1395262169)--Exception [EclipseLink-4002] (Eclipse Persistence Services - 2.7.7.v20200504-69f2c2b80d): org.eclipse.persistence.exceptions.DatabaseException
Internal Exception: com.mysql.cj.jdbc.exceptions.CommunicationsException: Communications link failure

The last packet sent successfully to the server was 0 milliseconds ago. The driver has not received any packets from the server.
Error Code: 0
##########################################################
######      ERROR Creating a persistence Unit       ######
###### Have you started the dev and test databases? ######
######          (docker-compose up -d )             ######
##########################################################
]]></system-out>
  </testcase>
</testsuite>